#
# There is insufficient memory for the Java Runtime Environment to continue.
# Native memory allocation (malloc) failed to allocate 368496 bytes for Chunk::new
# Possible reasons:
#   The system is out of physical RAM or swap space
#   The process is running with CompressedOops enabled, and the Java Heap may be blocking the growth of the native heap
# Possible solutions:
#   Reduce memory load on the system
#   Increase physical memory or swap space
#   Check if swap backing store is full
#   Decrease Java heap size (-Xmx/-Xms)
#   Decrease number of Java threads
#   Decrease Java thread stack sizes (-Xss)
#   Set larger code cache with -XX:ReservedCodeCacheSize=
#   JVM is running with Unscaled Compressed Oops mode in which the Java heap is
#     placed in the first 4GB address space. The Java Heap base address is the
#     maximum limit for the native heap growth. Please use -XX:HeapBaseMinAddress
#     to set the Java Heap base and to place the Java Heap above 4GB virtual address.
# This output file may be truncated or incomplete.
#
#  Out of Memory Error (allocation.cpp:389), pid=24552, tid=0x0000000000006eb0
#
# JRE version: Java(TM) SE Runtime Environment (8.0_251-b08) (build 1.8.0_251-b08)
# Java VM: Java HotSpot(TM) 64-Bit Server VM (25.251-b08 mixed mode windows-amd64 compressed oops)
# Failed to write core dump. Minidumps are not enabled by default on client versions of Windows
#

---------------  T H R E A D  ---------------

Current thread (0x0000000017181000):  JavaThread "C2 CompilerThread1" daemon [_thread_in_native, id=28336, stack(0x00000000188d0000,0x00000000189d0000)]

Stack: [0x00000000188d0000,0x00000000189d0000]
[error occurred during error reporting (printing stack bounds), id 0xc0000005]

Native frames: (J=compiled Java code, j=interpreted, Vv=VM code, C=native code)


Current CompileTask:
C2:   4525  926   !   4       java.net.URL::<init> (543 bytes)


---------------  P R O C E S S  ---------------

Java Threads: ( => current thread )
  0x0000000018c62800 JavaThread "surefire-forkedjvm-ping-30s" daemon [_thread_blocked, id=30564, stack(0x00000000191d0000,0x00000000192d0000)]
  0x0000000018bcb800 JavaThread "surefire-forkedjvm-command-thread" daemon [_thread_in_native, id=28008, stack(0x00000000190d0000,0x00000000191d0000)]
  0x00000000171dd800 JavaThread "Service Thread" daemon [_thread_blocked, id=12396, stack(0x0000000018ed0000,0x0000000018fd0000)]
  0x0000000017186800 JavaThread "C1 CompilerThread2" daemon [_thread_blocked, id=24664, stack(0x00000000189d0000,0x0000000018ad0000)]
=>0x0000000017181000 JavaThread "C2 CompilerThread1" daemon [_thread_in_native, id=28336, stack(0x00000000188d0000,0x00000000189d0000)]
  0x000000001717e000 JavaThread "C2 CompilerThread0" daemon [_thread_in_native, id=30844, stack(0x00000000187d0000,0x00000000188d0000)]
  0x0000000017189800 JavaThread "Attach Listener" daemon [_thread_blocked, id=28104, stack(0x00000000186d0000,0x00000000187d0000)]
  0x0000000017188800 JavaThread "Signal Dispatcher" daemon [_thread_blocked, id=28300, stack(0x00000000185d0000,0x00000000186d0000)]
  0x000000000268b800 JavaThread "Finalizer" daemon [_thread_blocked, id=24052, stack(0x00000000183d0000,0x00000000184d0000)]
  0x000000001716a000 JavaThread "Reference Handler" daemon [_thread_blocked, id=25932, stack(0x00000000182d0000,0x00000000183d0000)]
  0x000000000242e000 JavaThread "main" [_thread_in_vm, id=15272, stack(0x0000000002490000,0x0000000002590000)]

Other Threads:
  0x0000000017148800 VMThread [stack: 0x00000000181d0000,0x00000000182d0000] [id=22124]
  0x00000000171de800 WatcherThread [stack: 0x0000000018fd0000,0x00000000190d0000] [id=14196]

VM state:not at safepoint (normal execution)

VM Mutex/Monitor currently owned by a thread: None

heap address: 0x0000000082000000, size: 2016 MB, Compressed Oops mode: 32-bit
Narrow klass base: 0x0000000000000000, Narrow klass shift: 3
Compressed class space size: 1073741824 Address: 0x0000000100000000

Heap:
 PSYoungGen      total 37888K, used 27392K [0x00000000d6000000, 0x00000000d8a00000, 0x0000000100000000)
  eden space 32768K, 69% used [0x00000000d6000000,0x00000000d761cad0,0x00000000d8000000)
  from space 5120K, 92% used [0x00000000d8500000,0x00000000d89a3820,0x00000000d8a00000)
  to   space 5120K, 0% used [0x00000000d8000000,0x00000000d8000000,0x00000000d8500000)
 ParOldGen       total 86016K, used 24K [0x0000000082000000, 0x0000000087400000, 0x00000000d6000000)
  object space 86016K, 0% used [0x0000000082000000,0x0000000082006000,0x0000000087400000)
 Metaspace       used 14341K, capacity 15070K, committed 15360K, reserved 1064960K
  class space    used 2074K, capacity 2232K, committed 2304K, reserved 1048576K

Card table byte_map: [0x0000000011a50000,0x0000000011e50000] byte_map_base: 0x0000000011640000

Marking Bits: (ParMarkBitMap*) 0x0000000071b5af90
 Begin Bits: [0x00000000124f0000, 0x0000000014470000)
 End Bits:   [0x0000000014470000, 0x00000000163f0000)

Polling page: 0x0000000000630000

CodeCache: size=245760Kb used=3642Kb max_used=3642Kb free=242118Kb
 bounds [0x0000000002690000, 0x0000000002a20000, 0x0000000011690000]
 total_blobs=1322 nmethods=922 adapters=310
 compilation: disabled (not enough contiguous free space left)

Compilation events (10 events):
Event: 4.491 Thread 0x0000000017186800  933       3       net.bytebuddy.description.type.TypeDescription$Generic$OfNonGenericType$ForLoadedType::asErasure (8 bytes)
Event: 4.492 Thread 0x0000000017186800 nmethod 933 0x0000000002a1d310 code [0x0000000002a1d4e0, 0x0000000002a1ddd8]
Event: 4.498 Thread 0x0000000017186800  935       3       java.util.HashMap$HashIterator::<init> (79 bytes)
Event: 4.499 Thread 0x0000000017186800 nmethod 935 0x0000000002a1e250 code [0x0000000002a1e3c0, 0x0000000002a1e750]
Event: 4.514 Thread 0x0000000017186800  936       1       net.bytebuddy.description.method.MethodDescription$Latent::getInternalName (5 bytes)
Event: 4.515 Thread 0x0000000017186800 nmethod 936 0x0000000002a1ead0 code [0x0000000002a1ec20, 0x0000000002a1ed30]
Event: 4.516 Thread 0x0000000017186800  937       3       net.bytebuddy.jar.asm.ClassReader::readUtf (161 bytes)
Event: 4.516 Thread 0x0000000017186800 nmethod 937 0x0000000002a1ed90 code [0x0000000002a1ef20, 0x0000000002a1f3a8]
Event: 4.516 Thread 0x0000000017186800  938       3       net.bytebuddy.jar.asm.ClassReader::readUtf (44 bytes)
Event: 4.517 Thread 0x0000000017186800 


GC Heap History (4 events):
Event: 2.846 GC heap before
{Heap before GC invocations=1 (full 0):
 PSYoungGen      total 37888K, used 32768K [0x00000000d6000000, 0x00000000d8a00000, 0x0000000100000000)
  eden space 32768K, 100% used [0x00000000d6000000,0x00000000d8000000,0x00000000d8000000)
  from space 5120K, 0% used [0x00000000d8500000,0x00000000d8500000,0x00000000d8a00000)
  to   space 5120K, 0% used [0x00000000d8000000,0x00000000d8000000,0x00000000d8500000)
 ParOldGen       total 86016K, used 0K [0x0000000082000000, 0x0000000087400000, 0x00000000d6000000)
  object space 86016K, 0% used [0x0000000082000000,0x0000000082000000,0x0000000087400000)
 Metaspace       used 9772K, capacity 10496K, committed 10624K, reserved 1058816K
  class space    used 1239K, capacity 1391K, committed 1408K, reserved 1048576K
Event: 2.858 GC heap after
Heap after GC invocations=1 (full 0):
 PSYoungGen      total 37888K, used 4575K [0x00000000d6000000, 0x00000000d8a00000, 0x0000000100000000)
  eden space 32768K, 0% used [0x00000000d6000000,0x00000000d6000000,0x00000000d8000000)
  from space 5120K, 89% used [0x00000000d8000000,0x00000000d8477f80,0x00000000d8500000)
  to   space 5120K, 0% used [0x00000000d8500000,0x00000000d8500000,0x00000000d8a00000)
 ParOldGen       total 86016K, used 16K [0x0000000082000000, 0x0000000087400000, 0x00000000d6000000)
  object space 86016K, 0% used [0x0000000082000000,0x0000000082004000,0x0000000087400000)
 Metaspace       used 9772K, capacity 10496K, committed 10624K, reserved 1058816K
  class space    used 1239K, capacity 1391K, committed 1408K, reserved 1048576K
}
Event: 4.175 GC heap before
{Heap before GC invocations=2 (full 0):
 PSYoungGen      total 37888K, used 37343K [0x00000000d6000000, 0x00000000d8a00000, 0x0000000100000000)
  eden space 32768K, 100% used [0x00000000d6000000,0x00000000d8000000,0x00000000d8000000)
  from space 5120K, 89% used [0x00000000d8000000,0x00000000d8477f80,0x00000000d8500000)
  to   space 5120K, 0% used [0x00000000d8500000,0x00000000d8500000,0x00000000d8a00000)
 ParOldGen       total 86016K, used 16K [0x0000000082000000, 0x0000000087400000, 0x00000000d6000000)
  object space 86016K, 0% used [0x0000000082000000,0x0000000082004000,0x0000000087400000)
 Metaspace       used 12729K, capacity 13470K, committed 13696K, reserved 1060864K
  class space    used 1748K, capacity 1912K, committed 1920K, reserved 1048576K
Event: 4.182 GC heap after
Heap after GC invocations=2 (full 0):
 PSYoungGen      total 37888K, used 4750K [0x00000000d6000000, 0x00000000d8a00000, 0x0000000100000000)
  eden space 32768K, 0% used [0x00000000d6000000,0x00000000d6000000,0x00000000d8000000)
  from space 5120K, 92% used [0x00000000d8500000,0x00000000d89a3820,0x00000000d8a00000)
  to   space 5120K, 0% used [0x00000000d8000000,0x00000000d8000000,0x00000000d8500000)
 ParOldGen       total 86016K, used 24K [0x0000000082000000, 0x0000000087400000, 0x00000000d6000000)
  object space 86016K, 0% used [0x0000000082000000,0x0000000082006000,0x0000000087400000)
 Metaspace       used 12729K, capacity 13470K, committed 13696K, reserved 1060864K
  class space    used 1748K, capacity 1912K, committed 1920K, reserved 1048576K
}

Deoptimization events (7 events):
Event: 1.252 Thread 0x000000000242e000 Uncommon trap: reason=unstable_if action=reinterpret pc=0x0000000002805a78 method=java.lang.String.startsWith(Ljava/lang/String;I)Z @ 25
Event: 2.425 Thread 0x000000000242e000 Uncommon trap: reason=unstable_if action=reinterpret pc=0x00000000028f86f8 method=sun.misc.MetaIndex.mayContain(Ljava/lang/String;)Z @ 38
Event: 3.119 Thread 0x000000000242e000 Uncommon trap: reason=unstable_if action=reinterpret pc=0x00000000029970b0 method=java.io.WinNTFileSystem.normalize(Ljava/lang/String;)Ljava/lang/String; @ 128
Event: 3.124 Thread 0x000000000242e000 Uncommon trap: reason=unstable_if action=reinterpret pc=0x00000000029c3a0c method=sun.net.www.ParseUtil.encodePath(Ljava/lang/String;Z)Ljava/lang/String; @ 109
Event: 3.172 Thread 0x000000000242e000 Uncommon trap: reason=unstable_if action=reinterpret pc=0x00000000028f4e94 method=java.lang.AbstractStringBuilder.append(Ljava/lang/String;)Ljava/lang/AbstractStringBuilder; @ 1
Event: 3.995 Thread 0x000000000242e000 Uncommon trap: reason=unstable_if action=reinterpret pc=0x00000000028daadc method=sun.misc.URLClassPath.getLoader(I)Lsun/misc/URLClassPath$Loader; @ 79
Event: 4.200 Thread 0x000000000242e000 Uncommon trap: reason=range_check action=make_not_entrant pc=0x0000000002967960 method=sun.reflect.generics.parser.SignatureParser.current()C @ 34

Classes redefined (0 events):
No events

Internal exceptions (10 events):
Event: 3.172 Thread 0x000000000242e000 Implicit null exception at 0x00000000028f4ad4 to 0x00000000028f4e7d
Event: 3.761 Thread 0x000000000242e000 Exception <a 'java/lang/ClassNotFoundException': java/lang/WeakPairMap> (0x00000000d6658178) thrown at [C:\jenkins\workspace\8-2-build-windows-amd64-cygwin\jdk8u251\737\hotspot\src\share\vm\classfile\systemDictionary.cpp, line 210]
Event: 3.761 Thread 0x000000000242e000 Exception <a 'java/lang/ClassNotFoundException': java/lang/WeakPairMap$Pair> (0x00000000d66585d0) thrown at [C:\jenkins\workspace\8-2-build-windows-amd64-cygwin\jdk8u251\737\hotspot\src\share\vm\classfile\systemDictionary.cpp, line 210]
Event: 3.761 Thread 0x000000000242e000 Exception <a 'java/lang/ClassNotFoundException': java/lang/WeakPairMap$Pair$Weak> (0x00000000d6658a30) thrown at [C:\jenkins\workspace\8-2-build-windows-amd64-cygwin\jdk8u251\737\hotspot\src\share\vm\classfile\systemDictionary.cpp, line 210]
Event: 4.200 Thread 0x000000000242e000 Exception <a 'java/lang/ArrayIndexOutOfBoundsException': 117> (0x00000000d6140890) thrown at [C:\jenkins\workspace\8-2-build-windows-amd64-cygwin\jdk8u251\737\hotspot\src\share\vm\interpreter\interpreterRuntime.cpp, line 368]
Event: 4.215 Thread 0x000000000242e000 Exception <a 'java/lang/ArrayIndexOutOfBoundsException': 18> (0x00000000d62a77c0) thrown at [C:\jenkins\workspace\8-2-build-windows-amd64-cygwin\jdk8u251\737\hotspot\src\share\vm\interpreter\interpreterRuntime.cpp, line 368]
Event: 4.215 Thread 0x000000000242e000 Exception <a 'java/lang/ArrayIndexOutOfBoundsException': 40> (0x00000000d62a8ca0) thrown at [C:\jenkins\workspace\8-2-build-windows-amd64-cygwin\jdk8u251\737\hotspot\src\share\vm\interpreter\interpreterRuntime.cpp, line 368]
Event: 4.223 Thread 0x000000000242e000 Exception <a 'java/lang/ArrayIndexOutOfBoundsException': 55> (0x00000000d63511c0) thrown at [C:\jenkins\workspace\8-2-build-windows-amd64-cygwin\jdk8u251\737\hotspot\src\share\vm\interpreter\interpreterRuntime.cpp, line 368]
Event: 4.338 Thread 0x000000000242e000 Exception <a 'java/lang/ArrayIndexOutOfBoundsException': 22> (0x00000000d6ae1028) thrown at [C:\jenkins\workspace\8-2-build-windows-amd64-cygwin\jdk8u251\737\hotspot\src\share\vm\interpreter\interpreterRuntime.cpp, line 368]
Event: 4.338 Thread 0x000000000242e000 Exception <a 'java/lang/ArrayIndexOutOfBoundsException': 160> (0x00000000d6ae2f78) thrown at [C:\jenkins\workspace\8-2-build-windows-amd64-cygwin\jdk8u251\737\hotspot\src\share\vm\interpreter\interpreterRuntime.cpp, line 368]

Events (10 events):
Event: 4.513 loading class net/bytebuddy/asm/Advice$Dispatcher$RelocationHandler$ForValue$Bound
Event: 4.513 loading class net/bytebuddy/asm/Advice$Dispatcher$RelocationHandler$ForValue$Bound done
Event: 4.514 loading class net/bytebuddy/asm/Advice$Dispatcher$RelocationHandler$Relocation$ForLabel
Event: 4.514 loading class net/bytebuddy/asm/Advice$Dispatcher$RelocationHandler$Relocation$ForLabel done
Event: 4.515 loading class net/bytebuddy/asm/Advice$Dispatcher$Inlining$Resolved$AdviceMethodInliner$ExceptionTableCollector
Event: 4.515 loading class net/bytebuddy/asm/Advice$Dispatcher$Inlining$Resolved$AdviceMethodInliner$ExceptionTableCollector done
Event: 4.516 loading class java/util/TreeMap$EntrySet
Event: 4.517 loading class java/util/TreeMap$EntrySet done
Event: 4.517 loading class java/util/TreeMap$EntryIterator
Event: 4.517 loading class java/util/TreeMap$EntryIterator done


Dynamic libraries:
0x00007ff7469f0000 - 0x00007ff746a27000 	C:\Program Files\Java\jdk1.8.0_251\jre\bin\java.exe
0x00007ffca8190000 - 0x00007ffca8385000 	C:\WINDOWS\SYSTEM32\ntdll.dll
0x00007ffca6660000 - 0x00007ffca671d000 	C:\WINDOWS\System32\KERNEL32.DLL
0x00007ffca5b80000 - 0x00007ffca5e49000 	C:\WINDOWS\System32\KERNELBASE.dll
0x00007ffca7750000 - 0x00007ffca77fc000 	C:\WINDOWS\System32\ADVAPI32.dll
0x00007ffca6d30000 - 0x00007ffca6dce000 	C:\WINDOWS\System32\msvcrt.dll
0x00007ffca6dd0000 - 0x00007ffca6e6c000 	C:\WINDOWS\System32\sechost.dll
0x00007ffca6b70000 - 0x00007ffca6c9b000 	C:\WINDOWS\System32\RPCRT4.dll
0x00007ffca7fb0000 - 0x00007ffca8150000 	C:\WINDOWS\System32\USER32.dll
0x00007ffca5e50000 - 0x00007ffca5e72000 	C:\WINDOWS\System32\win32u.dll
0x00007ffca6800000 - 0x00007ffca682a000 	C:\WINDOWS\System32\GDI32.dll
0x00007ffca5e80000 - 0x00007ffca5f8b000 	C:\WINDOWS\System32\gdi32full.dll
0x00007ffca5a30000 - 0x00007ffca5acd000 	C:\WINDOWS\System32\msvcp_win.dll
0x00007ffca6040000 - 0x00007ffca6140000 	C:\WINDOWS\System32\ucrtbase.dll
0x00007ffc8e130000 - 0x00007ffc8e3ca000 	C:\WINDOWS\WinSxS\amd64_microsoft.windows.common-controls_6595b64144ccf1df_6.0.19041.844_none_ca00b6081b84eb1d\COMCTL32.dll
0x00007ffca67d0000 - 0x00007ffca6800000 	C:\WINDOWS\System32\IMM32.DLL
0x0000000071be0000 - 0x0000000071cb2000 	C:\Program Files\Java\jdk1.8.0_251\jre\bin\msvcr100.dll
0x0000000071330000 - 0x0000000071bdb000 	C:\Program Files\Java\jdk1.8.0_251\jre\bin\server\jvm.dll
0x00007ffca7380000 - 0x00007ffca7388000 	C:\WINDOWS\System32\PSAPI.DLL
0x00007ffc9c8a0000 - 0x00007ffc9c8aa000 	C:\WINDOWS\SYSTEM32\VERSION.dll
0x00007ffc8b8b0000 - 0x00007ffc8b8d7000 	C:\WINDOWS\SYSTEM32\WINMM.dll
0x00007ffc9e370000 - 0x00007ffc9e379000 	C:\WINDOWS\SYSTEM32\WSOCK32.dll
0x00007ffca7230000 - 0x00007ffca729b000 	C:\WINDOWS\System32\WS2_32.dll
0x00007ffc9fca0000 - 0x00007ffc9fcaf000 	C:\Program Files\Java\jdk1.8.0_251\jre\bin\verify.dll
0x00007ffc9e310000 - 0x00007ffc9e339000 	C:\Program Files\Java\jdk1.8.0_251\jre\bin\java.dll
0x00007ffc9fc80000 - 0x00007ffc9fc96000 	C:\Program Files\Java\jdk1.8.0_251\jre\bin\zip.dll
0x00007ffca7800000 - 0x00007ffca7f42000 	C:\WINDOWS\System32\SHELL32.dll
0x00007ffca3a30000 - 0x00007ffca41c0000 	C:\WINDOWS\SYSTEM32\windows.storage.dll
0x00007ffca6ed0000 - 0x00007ffca7225000 	C:\WINDOWS\System32\combase.dll
0x00007ffca52c0000 - 0x00007ffca52ec000 	C:\WINDOWS\SYSTEM32\Wldp.dll
0x00007ffca7670000 - 0x00007ffca771e000 	C:\WINDOWS\System32\SHCORE.dll
0x00007ffca6840000 - 0x00007ffca6895000 	C:\WINDOWS\System32\shlwapi.dll
0x00007ffca5810000 - 0x00007ffca582f000 	C:\WINDOWS\SYSTEM32\profapi.dll
0x00007ffc9e530000 - 0x00007ffc9e53d000 	C:\Program Files\Java\jdk1.8.0_251\jre\bin\management.dll
0x00007ffc87bc0000 - 0x00007ffc87bda000 	C:\Program Files\Java\jdk1.8.0_251\jre\bin\net.dll
0x00007ffca5050000 - 0x00007ffca50ba000 	C:\WINDOWS\system32\mswsock.dll
0x00007ffc5e6e0000 - 0x00007ffc5e6f7000 	C:\WINDOWS\system32\napinsp.dll
0x00007ffc5e6c0000 - 0x00007ffc5e6db000 	C:\WINDOWS\system32\pnrpnsp.dll
0x00007ffc75ef0000 - 0x00007ffc75f05000 	C:\WINDOWS\system32\wshbth.dll
0x00007ffca0bd0000 - 0x00007ffca0bed000 	C:\WINDOWS\system32\NLAapi.dll
0x00007ffca4d40000 - 0x00007ffca4d7b000 	C:\WINDOWS\SYSTEM32\IPHLPAPI.DLL
0x00007ffca4d80000 - 0x00007ffca4e4b000 	C:\WINDOWS\SYSTEM32\DNSAPI.dll
0x00007ffca7720000 - 0x00007ffca7728000 	C:\WINDOWS\System32\NSI.dll
0x00007ffc5e6a0000 - 0x00007ffc5e6b2000 	C:\WINDOWS\System32\winrnr.dll
0x00007ffc8c840000 - 0x00007ffc8c84a000 	C:\Windows\System32\rasadhlp.dll
0x00007ffc8c450000 - 0x00007ffc8c4cf000 	C:\WINDOWS\System32\fwpuclnt.dll
0x00007ffca6140000 - 0x00007ffca6167000 	C:\WINDOWS\System32\bcrypt.dll
0x00007ffc978a0000 - 0x00007ffc978a9000 	C:\Program Files\Java\jdk1.8.0_251\jre\bin\attach.dll
0x00007ffc82a80000 - 0x00007ffc82aa3000 	C:\Program Files\Java\jdk1.8.0_251\jre\bin\instrument.dll
0x00007ffca5220000 - 0x00007ffca5238000 	C:\WINDOWS\SYSTEM32\CRYPTSP.dll
0x00007ffca4990000 - 0x00007ffca49c4000 	C:\WINDOWS\system32\rsaenh.dll
0x00007ffca57d0000 - 0x00007ffca57fe000 	C:\WINDOWS\SYSTEM32\USERENV.dll
0x00007ffca6170000 - 0x00007ffca61f0000 	C:\WINDOWS\System32\bcryptprimitives.dll
0x00007ffca5330000 - 0x00007ffca533c000 	C:\WINDOWS\SYSTEM32\CRYPTBASE.dll
0x00007ffca34d0000 - 0x00007ffca34e7000 	C:\WINDOWS\SYSTEM32\dhcpcsvc6.DLL
0x00007ffca34b0000 - 0x00007ffca34cd000 	C:\WINDOWS\SYSTEM32\dhcpcsvc.DLL
0x00007ffc87ba0000 - 0x00007ffc87bb2000 	C:\Program Files\Java\jdk1.8.0_251\jre\bin\nio.dll

VM Arguments:
java_command: C:\Users\hp\AppData\Local\Temp\surefire8740448449965062858\surefirebooter7230119727834845208.jar C:\Users\hp\AppData\Local\Temp\surefire8740448449965062858 2021-04-16T22-39-22_742-jvmRun1 surefire3921538587587990370tmp surefire_04694604559305232636tmp
java_class_path (initial): C:\Users\hp\AppData\Local\Temp\surefire8740448449965062858\surefirebooter7230119727834845208.jar
Launcher Type: SUN_STANDARD

Environment Variables:
JAVA_HOME=C:\Program Files\Java\jdk1.8.0_251
PATH=C:/Program Files/Java/jre1.8.0_251/bin/server;C:/Program Files/Java/jre1.8.0_251/bin;C:/Program Files/Java/jre1.8.0_251/lib/amd64;C:\Program Files (x86)\Common Files\Oracle\Java\javapath;C:\WINDOWS\system32;C:\WINDOWS;C:\WINDOWS\System32\Wbem;C:\WINDOWS\System32\WindowsPowerShell\v1.0\;C:\WINDOWS\System32\OpenSSH\;D:\nodejssetup\;D:\windowsoftinstall\gradle-6.8.1\bin\;C:\Users\hp\AppData\Local\Android\Sdk\emulator;D:\windowsoftinstall\Git\cmd;D:\windowsoftinstall\Git\bin;C:\Users\hp\AppData\Local\Microsoft\WindowsApps;;C:\Users\hp\Desktop;
USERNAME=hp
OS=Windows_NT
PROCESSOR_IDENTIFIER=Intel64 Family 6 Model 142 Stepping 9, GenuineIntel



---------------  S Y S T E M  ---------------

OS: Windows 10.0 , 64 bit Build 19041 (10.0.19041.804)

CPU:total 4 (initial active 4) (2 cores per cpu, 2 threads per core) family 6 model 142 stepping 9, cmov, cx8, fxsr, mmx, sse, sse2, sse3, ssse3, sse4.1, sse4.2, popcnt, avx, avx2, aes, clmul, erms, 3dnowpref, lzcnt, ht, tsc, tscinvbit, bmi1, bmi2, adx

Memory: 4k page, physical 8254284k(390096k free), swap 22905224k(4116k free)

vm_info: Java HotSpot(TM) 64-Bit Server VM (25.251-b08) for windows-amd64 JRE (1.8.0_251-b08), built on Mar 12 2020 06:31:49 by "" with MS VC++ 10.0 (VS2010)

time: Fri Apr 16 22:39:30 2021
timezone: India Standard Time
elapsed time: 4 seconds (0d 0h 0m 4s)

